<?xml version="1.0" encoding="UTF-8"?>
<testng-results ignored="2" total="6" passed="2" failed="2" skipped="0">
  <reporter-output>
  </reporter-output>
  <suite started-at="2025-07-20T17:23:50 IST" name="Suite" finished-at="2025-07-20T17:25:21 IST" duration-ms="91550">
    <groups>
    </groups>
    <test started-at="2025-07-20T17:23:50 IST" name="Test" finished-at="2025-07-20T17:24:40 IST" duration-ms="50264">
      <class name="script.VerifyUserTest">
        <test-method is-config="true" signature="setup()[pri:0, instance:script.VerifyUserTest@764faa6]" started-at="2025-07-20T17:24:15 IST" name="setup" finished-at="2025-07-20T17:24:36 IST" duration-ms="20960" status="PASS">
          <reporter-output>
          </reporter-output>
        </test-method> <!-- setup -->
        <test-method signature="verifyAdminUserIsPresent()[pri:0, instance:script.VerifyUserTest@764faa6]" started-at="2025-07-20T17:24:36 IST" name="verifyAdminUserIsPresent" description="Verify if &#039;Admin&#039; user is present in Admin &gt; User Management" finished-at="2025-07-20T17:24:40 IST" duration-ms="3429" status="FAIL">
          <exception class="java.lang.RuntimeException">
            <message>
              <![CDATA[Unable to load object repository file]]>
            </message>
            <full-stacktrace>
              <![CDATA[java.lang.RuntimeException: Unable to load object repository file
at page.AdminPage.<init>(AdminPage.java:22)
at script.VerifyUserTest.verifyAdminUserIsPresent(VerifyUserTest.java:20)
at java.base/jdk.internal.reflect.NativeMethodAccessorImpl.invoke0(Native Method)
at java.base/jdk.internal.reflect.NativeMethodAccessorImpl.invoke(NativeMethodAccessorImpl.java:77)
at java.base/jdk.internal.reflect.DelegatingMethodAccessorImpl.invoke(DelegatingMethodAccessorImpl.java:43)
at java.base/java.lang.reflect.Method.invoke(Method.java:568)
at org.testng.internal.MethodInvocationHelper.invokeMethod(MethodInvocationHelper.java:133)
at org.testng.internal.TestInvoker.invokeMethod(TestInvoker.java:598)
at org.testng.internal.TestInvoker.invokeTestMethod(TestInvoker.java:173)
at org.testng.internal.MethodRunner.runInSequence(MethodRunner.java:46)
at org.testng.internal.TestInvoker$MethodInvocationAgent.invoke(TestInvoker.java:824)
at org.testng.internal.TestInvoker.invokeTestMethods(TestInvoker.java:146)
at org.testng.internal.TestMethodWorker.invokeTestMethods(TestMethodWorker.java:146)
at org.testng.internal.TestMethodWorker.run(TestMethodWorker.java:128)
at java.base/java.util.ArrayList.forEach(ArrayList.java:1511)
at org.testng.TestRunner.privateRun(TestRunner.java:794)
at org.testng.TestRunner.run(TestRunner.java:596)
at org.testng.SuiteRunner.runTest(SuiteRunner.java:377)
at org.testng.SuiteRunner.runSequentially(SuiteRunner.java:371)
at org.testng.SuiteRunner.privateRun(SuiteRunner.java:332)
at org.testng.SuiteRunner.run(SuiteRunner.java:276)
at org.testng.SuiteRunnerWorker.runSuite(SuiteRunnerWorker.java:53)
at org.testng.SuiteRunnerWorker.run(SuiteRunnerWorker.java:96)
at org.testng.TestNG.runSuitesSequentially(TestNG.java:1212)
at org.testng.TestNG.runSuitesLocally(TestNG.java:1134)
at org.testng.TestNG.runSuites(TestNG.java:1063)
at org.testng.TestNG.run(TestNG.java:1031)
at org.testng.remote.AbstractRemoteTestNG.run(AbstractRemoteTestNG.java:115)
at org.testng.remote.RemoteTestNG.initAndRun(RemoteTestNG.java:251)
at org.testng.remote.RemoteTestNG.main(RemoteTestNG.java:77)
Caused by: java.io.FileNotFoundException: src\test\resources\objectrepo.properties (The system cannot find the path specified)
at java.base/java.io.FileInputStream.open0(Native Method)
at java.base/java.io.FileInputStream.open(FileInputStream.java:216)
at java.base/java.io.FileInputStream.<init>(FileInputStream.java:157)
at java.base/java.io.FileInputStream.<init>(FileInputStream.java:111)
at page.AdminPage.<init>(AdminPage.java:19)
... 29 more
]]>
            </full-stacktrace>
          </exception> <!-- java.lang.RuntimeException -->
          <reporter-output>
          </reporter-output>
        </test-method> <!-- verifyAdminUserIsPresent -->
        <test-method is-config="true" signature="teardown()[pri:0, instance:script.VerifyUserTest@764faa6]" started-at="2025-07-20T17:24:40 IST" name="teardown" finished-at="2025-07-20T17:24:40 IST" duration-ms="375" status="PASS">
          <reporter-output>
          </reporter-output>
        </test-method> <!-- teardown -->
      </class> <!-- script.VerifyUserTest -->
      <class name="script.LoginPageTest">
        <test-method is-config="true" signature="setup()[pri:0, instance:script.LoginPageTest@6581dc0a]" started-at="2025-07-20T17:23:50 IST" name="setup" finished-at="2025-07-20T17:24:11 IST" duration-ms="21481" status="PASS">
          <reporter-output>
          </reporter-output>
        </test-method> <!-- setup -->
        <test-method signature="verifyLoginPageTitle()[pri:0, instance:script.LoginPageTest@6581dc0a]" started-at="2025-07-20T17:24:11 IST" name="verifyLoginPageTitle" description="Verify OrangeHRM Login Page Title from Excel Data" finished-at="2025-07-20T17:24:15 IST" duration-ms="3374" status="PASS">
          <reporter-output>
          </reporter-output>
        </test-method> <!-- verifyLoginPageTitle -->
        <test-method is-config="true" signature="teardown()[pri:0, instance:script.LoginPageTest@6581dc0a]" started-at="2025-07-20T17:24:15 IST" name="teardown" finished-at="2025-07-20T17:24:15 IST" duration-ms="433" status="PASS">
          <reporter-output>
          </reporter-output>
        </test-method> <!-- teardown -->
      </class> <!-- script.LoginPageTest -->
    </test> <!-- Test -->
    <test started-at="2025-07-20T17:24:40 IST" name="Testconfig" finished-at="2025-07-20T17:25:21 IST" duration-ms="41252">
      <class name="script.VerifyUserTest">
        <test-method is-config="true" signature="setup()[pri:0, instance:script.VerifyUserTest@29ca3d04]" started-at="2025-07-20T17:25:01 IST" name="setup" finished-at="2025-07-20T17:25:19 IST" duration-ms="17983" status="PASS">
          <reporter-output>
          </reporter-output>
        </test-method> <!-- setup -->
        <test-method signature="verifyAdminUserIsPresent()[pri:0, instance:script.VerifyUserTest@29ca3d04]" started-at="2025-07-20T17:25:19 IST" name="verifyAdminUserIsPresent" description="Verify if &#039;Admin&#039; user is present in Admin &gt; User Management" finished-at="2025-07-20T17:25:21 IST" duration-ms="1433" status="FAIL">
          <exception class="java.lang.RuntimeException">
            <message>
              <![CDATA[Unable to load object repository file]]>
            </message>
            <full-stacktrace>
              <![CDATA[java.lang.RuntimeException: Unable to load object repository file
at page.AdminPage.<init>(AdminPage.java:22)
at script.VerifyUserTest.verifyAdminUserIsPresent(VerifyUserTest.java:20)
at java.base/jdk.internal.reflect.NativeMethodAccessorImpl.invoke0(Native Method)
at java.base/jdk.internal.reflect.NativeMethodAccessorImpl.invoke(NativeMethodAccessorImpl.java:77)
at java.base/jdk.internal.reflect.DelegatingMethodAccessorImpl.invoke(DelegatingMethodAccessorImpl.java:43)
at java.base/java.lang.reflect.Method.invoke(Method.java:568)
at org.testng.internal.MethodInvocationHelper.invokeMethod(MethodInvocationHelper.java:133)
at org.testng.internal.TestInvoker.invokeMethod(TestInvoker.java:598)
at org.testng.internal.TestInvoker.invokeTestMethod(TestInvoker.java:173)
at org.testng.internal.MethodRunner.runInSequence(MethodRunner.java:46)
at org.testng.internal.TestInvoker$MethodInvocationAgent.invoke(TestInvoker.java:824)
at org.testng.internal.TestInvoker.invokeTestMethods(TestInvoker.java:146)
at org.testng.internal.TestMethodWorker.invokeTestMethods(TestMethodWorker.java:146)
at org.testng.internal.TestMethodWorker.run(TestMethodWorker.java:128)
at java.base/java.util.ArrayList.forEach(ArrayList.java:1511)
at org.testng.TestRunner.privateRun(TestRunner.java:794)
at org.testng.TestRunner.run(TestRunner.java:596)
at org.testng.SuiteRunner.runTest(SuiteRunner.java:377)
at org.testng.SuiteRunner.runSequentially(SuiteRunner.java:371)
at org.testng.SuiteRunner.privateRun(SuiteRunner.java:332)
at org.testng.SuiteRunner.run(SuiteRunner.java:276)
at org.testng.SuiteRunnerWorker.runSuite(SuiteRunnerWorker.java:53)
at org.testng.SuiteRunnerWorker.run(SuiteRunnerWorker.java:96)
at org.testng.TestNG.runSuitesSequentially(TestNG.java:1212)
at org.testng.TestNG.runSuitesLocally(TestNG.java:1134)
at org.testng.TestNG.runSuites(TestNG.java:1063)
at org.testng.TestNG.run(TestNG.java:1031)
at org.testng.remote.AbstractRemoteTestNG.run(AbstractRemoteTestNG.java:115)
at org.testng.remote.RemoteTestNG.initAndRun(RemoteTestNG.java:251)
at org.testng.remote.RemoteTestNG.main(RemoteTestNG.java:77)
Caused by: java.io.FileNotFoundException: src\test\resources\objectrepo.properties (The system cannot find the path specified)
at java.base/java.io.FileInputStream.open0(Native Method)
at java.base/java.io.FileInputStream.open(FileInputStream.java:216)
at java.base/java.io.FileInputStream.<init>(FileInputStream.java:157)
at java.base/java.io.FileInputStream.<init>(FileInputStream.java:111)
at page.AdminPage.<init>(AdminPage.java:19)
... 29 more
]]>
            </full-stacktrace>
          </exception> <!-- java.lang.RuntimeException -->
          <reporter-output>
          </reporter-output>
        </test-method> <!-- verifyAdminUserIsPresent -->
        <test-method is-config="true" signature="teardown()[pri:0, instance:script.VerifyUserTest@29ca3d04]" started-at="2025-07-20T17:25:21 IST" name="teardown" finished-at="2025-07-20T17:25:21 IST" duration-ms="400" status="PASS">
          <reporter-output>
          </reporter-output>
        </test-method> <!-- teardown -->
      </class> <!-- script.VerifyUserTest -->
      <class name="script.LoginPageTest">
        <test-method is-config="true" signature="beforeSuite()[pri:0, instance:script.LoginPageTest@5bf8fa12]" started-at="2025-07-20T17:23:50 IST" name="beforeSuite" finished-at="2025-07-20T17:23:50 IST" duration-ms="17" status="PASS">
          <reporter-output>
          </reporter-output>
        </test-method> <!-- beforeSuite -->
        <test-method is-config="true" signature="setup()[pri:0, instance:script.LoginPageTest@5bf8fa12]" started-at="2025-07-20T17:24:40 IST" name="setup" finished-at="2025-07-20T17:24:59 IST" duration-ms="18639" status="PASS">
          <reporter-output>
          </reporter-output>
        </test-method> <!-- setup -->
        <test-method signature="verifyLoginPageTitle()[pri:0, instance:script.LoginPageTest@5bf8fa12]" started-at="2025-07-20T17:24:59 IST" name="verifyLoginPageTitle" description="Verify OrangeHRM Login Page Title from Excel Data" finished-at="2025-07-20T17:25:01 IST" duration-ms="2390" status="PASS">
          <reporter-output>
          </reporter-output>
        </test-method> <!-- verifyLoginPageTitle -->
        <test-method is-config="true" signature="teardown()[pri:0, instance:script.LoginPageTest@5bf8fa12]" started-at="2025-07-20T17:25:01 IST" name="teardown" finished-at="2025-07-20T17:25:01 IST" duration-ms="377" status="PASS">
          <reporter-output>
          </reporter-output>
        </test-method> <!-- teardown -->
      </class> <!-- script.LoginPageTest -->
    </test> <!-- Testconfig -->
  </suite> <!-- Suite -->
</testng-results>
